[     433ms] [ERROR] Failed to load resource: the server responded with a status of 404 (Not Found) @ http://localhost:1337/favicon.ico:0
[   35954ms] [ERROR] NotFoundError: Failed to execute 'setPointerCapture' on 'Element': No active pointer with the given id is found.
    at eval (eval at rn (https://cdn.jsdelivr.net/gh/starfederation/datastar@1.0.0-RC.7/bundles/datastar.js:5:428), <anonymous>:3:66)
    at https://cdn.jsdelivr.net/gh/starfederation/datastar@1.0.0-RC.7/bundles/datastar.js:5:720
    at l.rx (https://cdn.jsdelivr.net/gh/starfederation/datastar@1.0.0-RC.7/bundles/datastar.js:4:2720)
    at SVGRectElement.o (https://cdn.jsdelivr.net/gh/starfederation/datastar@1.0.0-RC.7/bundles/datastar.js:8:7953)
    at eval (eval at <anonymous> (eval at evaluate (:303:30)), <anonymous>:10:10) @ https://cdn.jsdelivr.net/gh/starfederation/datastar@1.0.0-RC.7/bundles/datastar.js:4
[   35963ms] Error: ExecuteExpression
More info: https://data-star.dev/errors/execute_expression?metadata=%7B%22element%22%3A%7B%22id%22%3A%22%22%2C%22tag%22%3A%22rect%22%7D%2C%22expression%22%3A%7B%22fnContent%22%3A%22evt.stopPropagation%28%29%3Bconst+s%3Devt.currentTarget.closest%28%27svg%27%29%3Bs.setPointerCapture%28evt.pointerId%29%3Bconst+r%3Ds.getBoundingClientRect%28%29%3B%24%5B%27drag%27%5D%5B%27id%27%5D%3D%27n1%27%3B%24%5B%27drag%27%5D%5B%27active%27%5D%3Dtrue%3B%24%5B%27drag%27%5D%5B%27moved%27%5D%3Dfalse%3B%24%5B%27drag%27%5D%5B%27offx%27%5D%3Devt.clientX-r.left-%24%5B%27pos%27%5D%5B%27n1%27%5D%5B%27x%27%5D%3B%24%5B%27drag%27%5D%5B%27offy%27%5D%3Devt.clientY-r.top-%24%5B%27pos%27%5D%5B%27n1%27%5D%5B%27y%27%5D%22%2C%22value%22%3A%22evt.stopPropagation%28%29%3Bconst+s%3Devt.currentTarget.closest%28%27svg%27%29%3Bs.setPointerCapture%28evt.pointerId%29%3Bconst+r%3Ds.getBoundingClientRect%28%29%3B%24drag.id%3D%27n1%27%3B%24drag.active%3Dtrue%3B%24drag.moved%3Dfalse%3B%24drag.offx%3Devt.clientX-r.left-%24pos.n1.x%3B%24drag.offy%3Devt.clientY-r.top-%24pos.n1.y%22%7D%2C%22error%22%3A%22Failed+to+execute+%27setPointerCapture%27+on+%27Element%27%3A+No+active+pointer+with+the+given+id+is+found.%22%7D
Context: {
  "element": {
    "id": "",
    "tag": "rect"
  },
  "expression": {
    "fnContent": "evt.stopPropagation();const s=evt.currentTarget.closest('svg');s.setPointerCapture(evt.pointerId);const r=s.getBoundingClientRect();$['drag']['id']='n1';$['drag']['active']=true;$['drag']['moved']=false;$['drag']['offx']=evt.clientX-r.left-$['pos']['n1']['x'];$['drag']['offy']=evt.clientY-r.top-$['pos']['n1']['y']",
    "value": "evt.stopPropagation();const s=evt.currentTarget.closest('svg');s.setPointerCapture(evt.pointerId);const r=s.getBoundingClientRect();$drag.id='n1';$drag.active=true;$drag.moved=false;$drag.offx=evt.clientX-r.left-$pos.n1.x;$drag.offy=evt.clientY-r.top-$pos.n1.y"
  },
  "error": "Failed to execute 'setPointerCapture' on 'Element': No active pointer with the given id is found."
}
    at he (https://cdn.jsdelivr.net/gh/starfederation/datastar@1.0.0-RC.7/bundles/datastar.js:2:5427)
    at https://cdn.jsdelivr.net/gh/starfederation/datastar@1.0.0-RC.7/bundles/datastar.js:5:773
    at l.rx (https://cdn.jsdelivr.net/gh/starfederation/datastar@1.0.0-RC.7/bundles/datastar.js:4:2720)
    at SVGRectElement.o (https://cdn.jsdelivr.net/gh/starfederation/datastar@1.0.0-RC.7/bundles/datastar.js:8:7953)
    at eval (eval at <anonymous> (eval at evaluate (:303:30)), <anonymous>:10:10)
